<?xml version="1.0" encoding="UTF-8"?>
<testng-results ignored="0" total="1" passed="1" failed="0" skipped="0">
  <reporter-output>
  </reporter-output>
  <suite started-at="2023-11-09T10:11:16 ICT" name="Default suite" finished-at="2023-11-09T10:11:16 ICT" duration-ms="54">
    <groups>
    </groups>
    <test started-at="2023-11-09T10:11:16 ICT" name="Default test" finished-at="2023-11-09T10:11:16 ICT" duration-ms="54">
      <class name="test.NewTest">
        <test-method signature="f()[pri:0, instance:test.NewTest@48aca48b]" started-at="2023-11-09T10:11:16 ICT" name="f" finished-at="2023-11-09T10:11:16 ICT" duration-ms="10" status="PASS">
          <reporter-output>
          </reporter-output>
        </test-method> <!-- f -->
      </class> <!-- test.NewTest -->
    </test> <!-- Default test -->
  </suite> <!-- Default suite -->
</testng-results>
