<?xml version="1.0" encoding="UTF-8"?>
<!-- Generated by org.testng.reporters.JUnitXMLReporter -->
<testsuite ignored="0" hostname="DUNGS-DESKTOP" failures="1" tests="3" name="Test" time="10.807" errors="0" timestamp="2023-11-28T18:31:23 ICT">
  <testcase classname="fpoly.cc" name="launchLogin" time="3.105"/>
  <testcase classname="fpoly.cc" name="fillLoginDetails" time="1.583"/>
  <testcase classname="fpoly.cc" name="doLogin" time="0.103">
    <failure type="java.lang.AssertionError" message="expected [true] but found [false]">
      <![CDATA[java.lang.AssertionError: expected [true] but found [false]
at fpoly.cc.doLogin(cc.java:73)
at java.base/java.util.ArrayList.forEach(ArrayList.java:1511)
... Removed 31 stack frames]]>
    </failure>
  </testcase> <!-- doLogin -->
</testsuite> <!-- Test -->
