<?xml version="1.0" encoding="UTF-8"?>
<!-- Generated by org.testng.reporters.JUnitXMLReporter -->
<testsuite ignored="0" hostname="DUNGS-DESKTOP" failures="0" tests="4" name="Default test" time="0.108" errors="0" timestamp="2023-11-21T15:56:16 ICT">
  <testcase classname="fpoly.groupExamples" name="testMethod1" time="0.017"/>
  <testcase classname="fpoly.groupExamples" name="testMethod2" time="0.001"/>
  <testcase classname="fpoly.groupExamples" name="testMethod3" time="0.002"/>
  <testcase classname="fpoly.groupExamples" name="testMethod4" time="0.001"/>
</testsuite> <!-- Default test -->
