<?xml version="1.0" encoding="UTF-8"?>
<!-- Generated by org.testng.reporters.JUnitXMLReporter -->
<testsuite ignored="0" hostname="DUNGS-DESKTOP" failures="0" tests="4" name="Regression1" time="0.059" errors="0" timestamp="2023-11-21T15:58:49 ICT">
  <testcase classname="fpoly.demoOne" name="f" time="0.011"/>
  <testcase classname="fpoly.demoOne" name="f2" time="0.002"/>
  <testcase classname="fpoly.domeTwo" name="f3" time="0.001"/>
  <testcase classname="fpoly.domeTwo" name="f4" time="0.002"/>
</testsuite> <!-- Regression1 -->
