<?xml version="1.0" encoding="UTF-8"?>
<!-- Generated by org.testng.reporters.JUnitXMLReporter -->
<testsuite ignored="0" hostname="DUNGS-DESKTOP" failures="1" tests="4" name="suite-test2" time="0.04" errors="0" timestamp="2023-11-28T15:14:29 ICT">
  <testcase classname="vn.DungVipPro.ktLab7.testClass3" name="d1" time="0.001"/>
  <testcase classname="vn.DungVipPro.ktLab7.testClass3" name="d2" time="0.001"/>
  <testcase classname="vn.DungVipPro.ktLab7.testFactory" name="testFactory - TestNG" time="0.001"/>
  <testcase classname="vn.DungVipPro.ktLab7.testFactory" name="testFactory - Reports" time="0.004">
    <failure type="java.lang.AssertionError" message="expected [true] but found [false]">
      <![CDATA[java.lang.AssertionError: expected [true] but found [false]
at vn.DungVipPro.ktLab7.testFactory.f(testFactory.java:44)
at java.base/java.util.ArrayList.forEach(ArrayList.java:1511)
... Removed 31 stack frames]]>
    </failure>
  </testcase> <!-- testFactory - Reports -->
</testsuite> <!-- suite-test2 -->
