<?xml version="1.0" encoding="UTF-8"?>
<!-- Generated by org.testng.reporters.JUnitXMLReporter -->
<testsuite ignored="0" hostname="DUNGS-DESKTOP" failures="0" tests="2" name="Semple parameters" time="0.019" errors="0" timestamp="2023-11-23T15:21:37 ICT">
  <testcase classname="vn.DungVipPro.testSelenium.ParametersTesting" name="OpenBrowser" time="0.001"/>
  <testcase classname="vn.DungVipPro.testSelenium.ParametersTesting" name="FillLoginForm" time="0.006"/>
</testsuite> <!-- Semple parameters -->
