<?xml version="1.0" encoding="UTF-8"?>
<testng-results ignored="0" total="4" passed="4" failed="0" skipped="0">
  <reporter-output>
  </reporter-output>
  <suite started-at="2023-11-23T15:21:37 ICT" name="My suite" finished-at="2023-11-23T15:21:37 ICT" duration-ms="218">
    <groups>
    </groups>
    <test started-at="2023-11-23T15:21:37 ICT" name="Simple example" finished-at="2023-11-23T15:21:37 ICT" duration-ms="96">
      <class name="vn.DungVipPro.testSelenium.TestClass">
        <test-method is-config="true" signature="beforeTest()[pri:0, instance:vn.DungVipPro.testSelenium.TestClass@316bcf94]" started-at="2023-11-23T15:21:37 ICT" name="beforeTest" finished-at="2023-11-23T15:21:37 ICT" duration-ms="15" status="PASS">
          <reporter-output>
          </reporter-output>
        </test-method> <!-- beforeTest -->
        <test-method is-config="true" signature="beforeClass()[pri:0, instance:vn.DungVipPro.testSelenium.TestClass@316bcf94]" started-at="2023-11-23T15:21:37 ICT" name="beforeClass" finished-at="2023-11-23T15:21:37 ICT" duration-ms="1" status="PASS">
          <reporter-output>
          </reporter-output>
        </test-method> <!-- beforeClass -->
        <test-method is-config="true" signature="beforeMethod()[pri:0, instance:vn.DungVipPro.testSelenium.TestClass@316bcf94]" started-at="2023-11-23T15:21:37 ICT" name="beforeMethod" finished-at="2023-11-23T15:21:37 ICT" duration-ms="0" status="PASS">
          <reporter-output>
          </reporter-output>
        </test-method> <!-- beforeMethod -->
        <test-method is-config="true" signature="beforeMethodWithParameter(java.lang.String)[pri:0, instance:vn.DungVipPro.testSelenium.TestClass@316bcf94]" started-at="2023-11-23T15:21:37 ICT" name="beforeMethodWithParameter" finished-at="2023-11-23T15:21:37 ICT" duration-ms="3" status="PASS">
          <params>
            <param index="0">
              <value>
                <![CDATA[Cedric]]>
              </value>
            </param>
          </params>
          <reporter-output>
          </reporter-output>
        </test-method> <!-- beforeMethodWithParameter -->
        <test-method is-config="true" signature="staticbeforeMethod()[pri:0, instance:vn.DungVipPro.testSelenium.TestClass@316bcf94]" started-at="2023-11-23T15:21:37 ICT" name="staticbeforeMethod" finished-at="2023-11-23T15:21:37 ICT" duration-ms="1" status="PASS">
          <reporter-output>
          </reporter-output>
        </test-method> <!-- staticbeforeMethod -->
        <test-method signature="f1()[pri:0, instance:vn.DungVipPro.testSelenium.TestClass@316bcf94]" started-at="2023-11-23T15:21:37 ICT" name="f1" finished-at="2023-11-23T15:21:37 ICT" duration-ms="5" status="PASS">
          <reporter-output>
          </reporter-output>
        </test-method> <!-- f1 -->
        <test-method is-config="true" signature="afterMethod()[pri:0, instance:vn.DungVipPro.testSelenium.TestClass@316bcf94]" started-at="2023-11-23T15:21:37 ICT" name="afterMethod" finished-at="2023-11-23T15:21:37 ICT" duration-ms="0" status="PASS">
          <reporter-output>
          </reporter-output>
        </test-method> <!-- afterMethod -->
        <test-method is-config="true" signature="beforeMethod()[pri:0, instance:vn.DungVipPro.testSelenium.TestClass@316bcf94]" started-at="2023-11-23T15:21:37 ICT" name="beforeMethod" finished-at="2023-11-23T15:21:37 ICT" duration-ms="1" status="PASS">
          <reporter-output>
          </reporter-output>
        </test-method> <!-- beforeMethod -->
        <test-method is-config="true" signature="beforeMethodWithParameter(java.lang.String)[pri:0, instance:vn.DungVipPro.testSelenium.TestClass@316bcf94]" started-at="2023-11-23T15:21:37 ICT" name="beforeMethodWithParameter" finished-at="2023-11-23T15:21:37 ICT" duration-ms="3" status="PASS">
          <params>
            <param index="0">
              <value>
                <![CDATA[Cedric]]>
              </value>
            </param>
          </params>
          <reporter-output>
          </reporter-output>
        </test-method> <!-- beforeMethodWithParameter -->
        <test-method is-config="true" signature="staticbeforeMethod()[pri:0, instance:vn.DungVipPro.testSelenium.TestClass@316bcf94]" started-at="2023-11-23T15:21:37 ICT" name="staticbeforeMethod" finished-at="2023-11-23T15:21:37 ICT" duration-ms="1" status="PASS">
          <reporter-output>
          </reporter-output>
        </test-method> <!-- staticbeforeMethod -->
        <test-method signature="f2()[pri:0, instance:vn.DungVipPro.testSelenium.TestClass@316bcf94]" started-at="2023-11-23T15:21:37 ICT" name="f2" finished-at="2023-11-23T15:21:37 ICT" duration-ms="2" status="PASS">
          <reporter-output>
          </reporter-output>
        </test-method> <!-- f2 -->
        <test-method is-config="true" signature="afterMethod()[pri:0, instance:vn.DungVipPro.testSelenium.TestClass@316bcf94]" started-at="2023-11-23T15:21:37 ICT" name="afterMethod" finished-at="2023-11-23T15:21:37 ICT" duration-ms="1" status="PASS">
          <reporter-output>
          </reporter-output>
        </test-method> <!-- afterMethod -->
        <test-method is-config="true" signature="afterClass()[pri:0, instance:vn.DungVipPro.testSelenium.TestClass@316bcf94]" started-at="2023-11-23T15:21:37 ICT" name="afterClass" finished-at="2023-11-23T15:21:37 ICT" duration-ms="1" status="PASS">
          <reporter-output>
          </reporter-output>
        </test-method> <!-- afterClass -->
        <test-method is-config="true" signature="afterTest()[pri:0, instance:vn.DungVipPro.testSelenium.TestClass@316bcf94]" started-at="2023-11-23T15:21:37 ICT" name="afterTest" finished-at="2023-11-23T15:21:37 ICT" duration-ms="1" status="PASS">
          <reporter-output>
          </reporter-output>
        </test-method> <!-- afterTest -->
      </class> <!-- vn.DungVipPro.testSelenium.TestClass -->
    </test> <!-- Simple example -->
    <test started-at="2023-11-23T15:21:37 ICT" name="Semple parameters" finished-at="2023-11-23T15:21:37 ICT" duration-ms="19">
      <class name="vn.DungVipPro.testSelenium.ParametersTesting">
        <test-method signature="OpenBrowser(java.lang.String)[pri:1, instance:vn.DungVipPro.testSelenium.ParametersTesting@2e6a8155]" started-at="2023-11-23T15:21:37 ICT" name="OpenBrowser" finished-at="2023-11-23T15:21:37 ICT" duration-ms="1" status="PASS">
          <params>
            <param index="0">
              <value>
                <![CDATA[FireFox]]>
              </value>
            </param>
          </params>
          <reporter-output>
          </reporter-output>
        </test-method> <!-- OpenBrowser -->
        <test-method signature="FillLoginForm(java.lang.String,java.lang.String)[pri:2, instance:vn.DungVipPro.testSelenium.ParametersTesting@2e6a8155]" started-at="2023-11-23T15:21:37 ICT" name="FillLoginForm" finished-at="2023-11-23T15:21:37 ICT" duration-ms="6" status="PASS">
          <params>
            <param index="0">
              <value>
                <![CDATA[DungVipPro]]>
              </value>
            </param>
            <param index="1">
              <value>
                <![CDATA[123]]>
              </value>
            </param>
          </params>
          <reporter-output>
          </reporter-output>
        </test-method> <!-- FillLoginForm -->
      </class> <!-- vn.DungVipPro.testSelenium.ParametersTesting -->
    </test> <!-- Semple parameters -->
  </suite> <!-- My suite -->
</testng-results>
