<?xml version="1.0" encoding="UTF-8"?>
<testng-results ignored="0" total="3" passed="3" failed="0" skipped="0">
  <reporter-output>
  </reporter-output>
  <suite started-at="2023-11-30T10:00:36 ICT" name="Default suite" finished-at="2023-11-30T10:01:02 ICT" duration-ms="25422">
    <groups>
    </groups>
    <test started-at="2023-11-30T10:00:36 ICT" name="Default test" finished-at="2023-11-30T10:01:02 ICT" duration-ms="25422">
      <class name="fpoly.cc">
        <test-method is-config="true" signature="beforeClass()[pri:0, instance:fpoly.cc@82de64a]" started-at="2023-11-30T10:00:36 ICT" name="beforeClass" finished-at="2023-11-30T10:00:41 ICT" duration-ms="4143" status="PASS">
          <reporter-output>
          </reporter-output>
        </test-method> <!-- beforeClass -->
        <test-method signature="launchLogin()[pri:1, instance:fpoly.cc@82de64a]" started-at="2023-11-30T10:00:41 ICT" name="launchLogin" finished-at="2023-11-30T10:00:54 ICT" duration-ms="13689" status="PASS">
          <reporter-output>
          </reporter-output>
        </test-method> <!-- launchLogin -->
        <test-method signature="fillLoginDetails()[pri:2, instance:fpoly.cc@82de64a]" started-at="2023-11-30T10:00:54 ICT" name="fillLoginDetails" finished-at="2023-11-30T10:00:56 ICT" duration-ms="1368" status="PASS">
          <reporter-output>
          </reporter-output>
        </test-method> <!-- fillLoginDetails -->
        <test-method signature="doLogin()[pri:3, instance:fpoly.cc@82de64a]" started-at="2023-11-30T10:00:56 ICT" name="doLogin" finished-at="2023-11-30T10:00:56 ICT" duration-ms="195" status="PASS">
          <reporter-output>
          </reporter-output>
        </test-method> <!-- doLogin -->
        <test-method is-config="true" signature="afterClass()[pri:0, instance:fpoly.cc@82de64a]" started-at="2023-11-30T10:00:56 ICT" name="afterClass" finished-at="2023-11-30T10:01:02 ICT" duration-ms="5951" status="PASS">
          <reporter-output>
          </reporter-output>
        </test-method> <!-- afterClass -->
      </class> <!-- fpoly.cc -->
    </test> <!-- Default test -->
  </suite> <!-- Default suite -->
</testng-results>
