<?xml version="1.0" encoding="UTF-8"?>
<testng-results ignored="0" total="1" passed="1" failed="0" skipped="0">
  <reporter-output>
  </reporter-output>
  <suite started-at="2023-11-09T18:01:43 ICT" name="Default suite" finished-at="2023-11-09T18:01:43 ICT" duration-ms="42">
    <groups>
    </groups>
    <test started-at="2023-11-09T18:01:43 ICT" name="Default test" finished-at="2023-11-09T18:01:43 ICT" duration-ms="42">
      <class name="test.testNG">
        <test-method signature="f()[pri:0, instance:test.testNG@11bd0f3b]" started-at="2023-11-09T18:01:43 ICT" name="f" finished-at="2023-11-09T18:01:43 ICT" duration-ms="8" status="PASS">
          <reporter-output>
          </reporter-output>
        </test-method> <!-- f -->
      </class> <!-- test.testNG -->
    </test> <!-- Default test -->
  </suite> <!-- Default suite -->
</testng-results>
