<?xml version="1.0" encoding="UTF-8"?>
<!-- Generated by org.testng.reporters.JUnitXMLReporter -->
<testsuite ignored="2" hostname="DUNGS-DESKTOP" failures="0" tests="2" name="Test1" time="0.057" errors="0" timestamp="2023-11-21T16:01:40 ICT">
  <testcase classname="fpoly.groupExamples" name="testMethod1" time="0.008"/>
  <testcase classname="fpoly.groupExamples" name="testMethod3" time="0.002"/>
  <testcase classname="fpoly.groupExamples" name="testMethod2" time="0.0">
    <ignored/>
  </testcase> <!-- testMethod2 -->
  <testcase classname="fpoly.groupExamples" name="testMethod4" time="0.0">
    <ignored/>
  </testcase> <!-- testMethod4 -->
</testsuite> <!-- Test1 -->
